#
# There is insufficient memory for the Java Runtime Environment to continue.
# Native memory allocation (mmap) failed to map 100663296 bytes for G1 virtual space
# Possible reasons:
#   The system is out of physical RAM or swap space
#   The process is running with CompressedOops enabled, and the Java Heap may be blocking the growth of the native heap
# Possible solutions:
#   Reduce memory load on the system
#   Increase physical memory or swap space
#   Check if swap backing store is full
#   Decrease Java heap size (-Xmx/-Xms)
#   Decrease number of Java threads
#   Decrease Java thread stack sizes (-Xss)
#   Set larger code cache with -XX:ReservedCodeCacheSize=
#   JVM is running with Unscaled Compressed Oops mode in which the Java heap is
#     placed in the first 4GB address space. The Java Heap base address is the
#     maximum limit for the native heap growth. Please use -XX:HeapBaseMinAddress
#     to set the Java Heap base and to place the Java Heap above 4GB virtual address.
# This output file may be truncated or incomplete.
#
#  Out of Memory Error (os_windows.cpp:3613), pid=2144, tid=7460
#
# JRE version:  (17.0.9+8) (build )
# Java VM: OpenJDK 64-Bit Server VM (17.0.9+8-LTS, mixed mode, emulated-client, sharing, tiered, compressed oops, compressed class ptrs, g1 gc, windows-amd64)
# No core dump will be written. Minidumps are not enabled by default on client versions of Windows
#

---------------  S U M M A R Y ------------

Command Line: -XX:TieredStopAtLevel=1 -Xverify:none -Dspring.output.ansi.enabled=always -Dcom.sun.management.jmxremote -Dspring.jmx.enabled=true -Dspring.liveBeansView.mbeanDomain -Dspring.application.admin.enabled=true -javaagent:C:\Program Files\JetBrains\IntelliJ IDEA 2022.1\lib\idea_rt.jar=50746:C:\Program Files\JetBrains\IntelliJ IDEA 2022.1\bin -Dfile.encoding=UTF-8 kz.iitu.lab2.Lab2Application

Host: AMD Ryzen 3 3200U with Radeon Vega Mobile Gfx  , 4 cores, 5G,  Windows 10 , 64 bit Build 19041 (10.0.19041.1466)
Time: Sun Dec 17 21:25:37 2023  Windows 10 , 64 bit Build 19041 (10.0.19041.1466) elapsed time: 0.024211 seconds (0d 0h 0m 0s)

---------------  T H R E A D  ---------------

Current thread (0x00000269066c7cd0):  JavaThread "Unknown thread" [_thread_in_vm, id=7460, stack(0x0000009f02300000,0x0000009f02400000)]

Stack: [0x0000009f02300000,0x0000009f02400000]
Native frames: (J=compiled Java code, j=interpreted, Vv=VM code, C=native code)
V  [jvm.dll+0x67cb49]
V  [jvm.dll+0x8344da]
V  [jvm.dll+0x835f9e]
V  [jvm.dll+0x836603]
V  [jvm.dll+0x247b5f]
V  [jvm.dll+0x679969]
V  [jvm.dll+0x66e2ba]
V  [jvm.dll+0x307a5b]
V  [jvm.dll+0x30ef06]
V  [jvm.dll+0x35ecee]
V  [jvm.dll+0x35ef1f]
V  [jvm.dll+0x2de658]
V  [jvm.dll+0x2df5c4]
V  [jvm.dll+0x805d51]
V  [jvm.dll+0x36cb51]
V  [jvm.dll+0x7e47dc]
V  [jvm.dll+0x3f03cf]
V  [jvm.dll+0x3f2001]
C  [jli.dll+0x528f]
C  [ucrtbase.dll+0x21bb2]
C  [KERNEL32.DLL+0x17034]
C  [ntdll.dll+0x52651]


---------------  P R O C E S S  ---------------

Threads class SMR info:
_java_thread_list=0x00007ffbf46eee98, length=0, elements={
}

Java Threads: ( => current thread )

Other Threads:
  0x0000026906711d10 GCTaskThread "GC Thread#0" [stack: 0x0000009f02400000,0x0000009f02500000] [id=8108]
  0x000002690671f9c0 ConcurrentGCThread "G1 Main Marker" [stack: 0x0000009f02500000,0x0000009f02600000] [id=10224]
  0x0000026906721300 ConcurrentGCThread "G1 Conc#0" [stack: 0x0000009f02600000,0x0000009f02700000] [id=11440]

[error occurred during error reporting (printing all threads), id 0xc0000005, EXCEPTION_ACCESS_VIOLATION (0xc0000005) at pc=0x00007ffbf3eaf097]

VM state: not at safepoint (not fully initialized)

VM Mutex/Monitor currently owned by a thread:  ([mutex/lock_event])
[0x00000269066c3da0] Heap_lock - owner thread: 0x00000269066c7cd0

Heap address: 0x00000000a0e00000, size: 1522 MB, Compressed Oops mode: 32-bit

CDS archive(s) mapped at: [0x0000000000000000-0x0000000000000000-0x0000000000000000), size 0, SharedBaseAddress: 0x0000000800000000, ArchiveRelocationMode: 1.
Narrow klass base: 0x0000000000000000, Narrow klass shift: 0, Narrow klass range: 0x0

GC Precious Log:
<Empty>

Heap:
 garbage-first heap   total 0K, used 0K [0x00000000a0e00000, 0x0000000100000000)
  region size 1024K, 0 young (0K), 0 survivors (0K)

[error occurred during error reporting (printing heap information), id 0xc0000005, EXCEPTION_ACCESS_VIOLATION (0xc0000005) at pc=0x00007ffbf42968f9]

GC Heap History (0 events):
No events

Dll operation events (1 events):
Event: 0.018 Loaded shared library C:\Users\Асылхан\.jdks\corretto-17.0.9\bin\java.dll

Deoptimization events (0 events):
No events

Classes unloaded (0 events):
No events

Classes redefined (0 events):
No events

Internal exceptions (0 events):
No events

VM Operations (0 events):
No events

Events (0 events):
No events


Dynamic libraries:
0x00007ff6c7ca0000 - 0x00007ff6c7cae000 	C:\Users\Асылхан\.jdks\corretto-17.0.9\bin\java.exe
0x00007ffc5bbb0000 - 0x00007ffc5bda5000 	C:\Windows\SYSTEM32\ntdll.dll
0x00007ffc5a900000 - 0x00007ffc5a9be000 	C:\Windows\System32\KERNEL32.DLL
0x00007ffc593f0000 - 0x00007ffc596b8000 	C:\Windows\System32\KERNELBASE.dll
0x00007ffc59960000 - 0x00007ffc59a60000 	C:\Windows\System32\ucrtbase.dll
0x00007ffc419c0000 - 0x00007ffc419db000 	C:\Users\Асылхан\.jdks\corretto-17.0.9\bin\VCRUNTIME140.dll
0x00007ffc41200000 - 0x00007ffc41217000 	C:\Users\Асылхан\.jdks\corretto-17.0.9\bin\jli.dll
0x00007ffc5b310000 - 0x00007ffc5b4b1000 	C:\Windows\System32\USER32.dll
0x00007ffc59a60000 - 0x00007ffc59a82000 	C:\Windows\System32\win32u.dll
0x00007ffc49a80000 - 0x00007ffc49d1a000 	C:\Windows\WinSxS\amd64_microsoft.windows.common-controls_6595b64144ccf1df_6.0.19041.1110_none_60b5254171f9507e\COMCTL32.dll
0x00007ffc59e80000 - 0x00007ffc59eab000 	C:\Windows\System32\GDI32.dll
0x00007ffc5af60000 - 0x00007ffc5affe000 	C:\Windows\System32\msvcrt.dll
0x00007ffc59a90000 - 0x00007ffc59b9d000 	C:\Windows\System32\gdi32full.dll
0x00007ffc592c0000 - 0x00007ffc5935d000 	C:\Windows\System32\msvcp_win.dll
0x00007ffc59df0000 - 0x00007ffc59e20000 	C:\Windows\System32\IMM32.DLL
0x00007ffc47310000 - 0x00007ffc4731c000 	C:\Users\Асылхан\.jdks\corretto-17.0.9\bin\vcruntime140_1.dll
0x00007ffc04fd0000 - 0x00007ffc0505d000 	C:\Users\Асылхан\.jdks\corretto-17.0.9\bin\msvcp140.dll
0x00007ffbf3bc0000 - 0x00007ffbf4821000 	C:\Users\Асылхан\.jdks\corretto-17.0.9\bin\server\jvm.dll
0x00007ffc5a720000 - 0x00007ffc5a7ce000 	C:\Windows\System32\ADVAPI32.dll
0x00007ffc5b060000 - 0x00007ffc5b0fc000 	C:\Windows\System32\sechost.dll
0x00007ffc5a7d0000 - 0x00007ffc5a8f5000 	C:\Windows\System32\RPCRT4.dll
0x00007ffc45470000 - 0x00007ffc45479000 	C:\Windows\SYSTEM32\WSOCK32.dll
0x00007ffc5a9c0000 - 0x00007ffc5aa2b000 	C:\Windows\System32\WS2_32.dll
0x00007ffc4f300000 - 0x00007ffc4f327000 	C:\Windows\SYSTEM32\WINMM.dll
0x00007ffc4f330000 - 0x00007ffc4f33a000 	C:\Windows\SYSTEM32\VERSION.dll
0x00007ffc59130000 - 0x00007ffc5917b000 	C:\Windows\SYSTEM32\POWRPROF.dll
0x00007ffc59100000 - 0x00007ffc59112000 	C:\Windows\SYSTEM32\UMPDC.dll
0x00007ffc571b0000 - 0x00007ffc571c2000 	C:\Windows\SYSTEM32\kernel.appcore.dll
0x00007ffc471c0000 - 0x00007ffc471ca000 	C:\Users\Асылхан\.jdks\corretto-17.0.9\bin\jimage.dll
0x00007ffc46eb0000 - 0x00007ffc47094000 	C:\Windows\SYSTEM32\DBGHELP.DLL
0x00007ffc45440000 - 0x00007ffc4546c000 	C:\Windows\SYSTEM32\dbgcore.DLL
0x00007ffc598d0000 - 0x00007ffc59952000 	C:\Windows\System32\bcryptPrimitives.dll
0x00007ffc53370000 - 0x00007ffc5337e000 	C:\Users\Асылхан\.jdks\corretto-17.0.9\bin\instrument.dll
0x00007ffc38fd0000 - 0x00007ffc38ff5000 	C:\Users\Асылхан\.jdks\corretto-17.0.9\bin\java.dll

dbghelp: loaded successfully - version: 4.0.5 - missing functions: none
symbol engine: initialized successfully - sym options: 0x614 - pdb path: .;C:\Users\Асылхан\.jdks\corretto-17.0.9\bin;C:\Windows\SYSTEM32;C:\Windows\WinSxS\amd64_microsoft.windows.common-controls_6595b64144ccf1df_6.0.19041.1110_none_60b5254171f9507e;C:\Users\Асылхан\.jdks\corretto-17.0.9\bin\server

VM Arguments:
jvm_args: -XX:TieredStopAtLevel=1 -Xverify:none -Dspring.output.ansi.enabled=always -Dcom.sun.management.jmxremote -Dspring.jmx.enabled=true -Dspring.liveBeansView.mbeanDomain -Dspring.application.admin.enabled=true -javaagent:C:\Program Files\JetBrains\IntelliJ IDEA 2022.1\lib\idea_rt.jar=50746:C:\Program Files\JetBrains\IntelliJ IDEA 2022.1\bin -Dfile.encoding=UTF-8 
java_command: kz.iitu.lab2.Lab2Application
java_class_path (initial): C:\Users\Асылхан\Downloads\Aidana2 (1)\Aidana2\target\classes;C:\Users\Асылхан\.m2\repository\org\springframework\boot\spring-boot-starter-security\2.7.12\spring-boot-starter-security-2.7.12.jar;C:\Users\Асылхан\.m2\repository\org\springframework\boot\spring-boot-starter\2.7.12\spring-boot-starter-2.7.12.jar;C:\Users\Асылхан\.m2\repository\org\springframework\boot\spring-boot\2.7.12\spring-boot-2.7.12.jar;C:\Users\Асылхан\.m2\repository\org\springframework\boot\spring-boot-autoconfigure\2.7.12\spring-boot-autoconfigure-2.7.12.jar;C:\Users\Асылхан\.m2\repository\org\springframework\boot\spring-boot-starter-logging\2.7.12\spring-boot-starter-logging-2.7.12.jar;C:\Users\Асылхан\.m2\repository\ch\qos\logback\logback-classic\1.2.12\logback-classic-1.2.12.jar;C:\Users\Асылхан\.m2\repository\ch\qos\logback\logback-core\1.2.12\logback-core-1.2.12.jar;C:\Users\Асылхан\.m2\repository\org\apache\logging\log4j\log4j-to-slf4j\2.17.2\log4j-to-slf4j-2.17.2.jar;C:\Users\Асылхан\.m2\repository\org\apache\logging\log4j\log4j-api\2.17.2\log4j-api-2.17.2.jar;C:\Users\Асылхан\.m2\repository\org\slf4j\jul-to-slf4j\1.7.36\jul-to-slf4j-1.7.36.jar;C:\Users\Асылхан\.m2\repository\jakarta\annotation\jakarta.annotation-api\1.3.5\jakarta.annotation-api-1.3.5.jar;C:\Users\Асылхан\.m2\repository\org\yaml\snakeyaml\1.30\snakeyaml-1.30.jar;C:\Users\Асылхан\.m2\repository\org\springframework\spring-aop\5.3.27\spring-aop-5.3.27.jar;C:\Users\Асылхан\.m2\repository\org\springframework\spring-beans\5.3.27\spring-beans-5.3.27.jar;C:\Users\Асылхан\.m2\repository\org\springframework\security\spring-security-config\5.7.8\spring-security-config-5.7.8.jar;C:\Users\Асылхан\.m2\repository\org\springframework\spring-context\5.3.27\spring-context-5.3.27.jar;C:\Users\Асылхан\.m2\repository\org\springframework\security\spring-security-web\5.7.8\spring-security-web-5.7.8.jar;C:\Users\Асылхан\.m2\repository\org\springframework\spring-expression\5.3.27\spring-expression-5.3.27.jar;C:\Users
Launcher Type: SUN_STANDARD

[Global flags]
     intx CICompilerCount                          = 3                                         {product} {ergonomic}
     uint ConcGCThreads                            = 1                                         {product} {ergonomic}
     uint G1ConcRefinementThreads                  = 4                                         {product} {ergonomic}
   size_t G1HeapRegionSize                         = 1048576                                   {product} {ergonomic}
    uintx GCDrainStackTargetSize                   = 64                                        {product} {ergonomic}
   size_t InitialHeapSize                          = 100663296                                 {product} {ergonomic}
     bool ManagementServer                         = true                                      {product} {command line}
   size_t MarkStackSize                            = 4194304                                   {product} {ergonomic}
   size_t MaxHeapSize                              = 1595932672                                {product} {ergonomic}
   size_t MinHeapDeltaBytes                        = 1048576                                   {product} {ergonomic}
   size_t MinHeapSize                              = 8388608                                   {product} {ergonomic}
    uintx NonProfiledCodeHeapSize                  = 0                                      {pd product} {ergonomic}
     bool ProfileInterpreter                       = false                                  {pd product} {command line}
    uintx ProfiledCodeHeapSize                     = 0                                      {pd product} {ergonomic}
   size_t SoftMaxHeapSize                          = 1595932672                             {manageable} {ergonomic}
     intx TieredStopAtLevel                        = 1                                         {product} {command line}
     bool UseCompressedClassPointers               = true                           {product lp64_product} {ergonomic}
     bool UseCompressedOops                        = true                           {product lp64_product} {ergonomic}
     bool UseG1GC                                  = true                                      {product} {ergonomic}
     bool UseLargePagesIndividualAllocation        = false                                  {pd product} {ergonomic}

Logging:
Log output configuration:
 #0: stdout all=warning uptime,level,tags
 #1: stderr all=off uptime,level,tags

Environment Variables:
JAVA_HOME=C:\Program Files\Java\jdk1.8.0_202
PATH=C:\Program Files\Microsoft MPI\Bin\;C:\Windows\system32;C:\Windows;C:\Windows\System32\Wbem;C:\Windows\System32\WindowsPowerShell\v1.0\;C:\Windows\System32\OpenSSH\;C:\Program Files\Git\cmd;C:\Program Files\Java\jdk1.8.0_202\bin;C:\Program Files (x86)\Microsoft SQL Server\160\Tools\Binn\;C:\Program Files\Microsoft SQL Server\160\Tools\Binn\;C:\Program Files\Microsoft SQL Server\Client SDK\ODBC\170\Tools\Binn\;C:\Program Files\Microsoft SQL Server\160\DTS\Binn\;C:\Program Files (x86)\Microsoft SQL Server\160\DTS\Binn\;C:\Program Files\Azure Data Studio\bin;C:\Users\Асылхан\AppData\Local\Microsoft\WindowsApps;;C:\Program Files\JetBrains\IntelliJ IDEA Community Edition 2021.1.2\bin;;C:\Users\Асылхан\AppData\Local\Programs\Microsoft VS Code\bin;C:\Program Files\JetBrains\IntelliJ IDEA 2022.1\bin;;C:\Program Files\Azure Data Studio\bin;C:\Program Files\Azure Data Studio\bin
USERNAME=Асылхан
OS=Windows_NT
PROCESSOR_IDENTIFIER=AMD64 Family 23 Model 24 Stepping 1, AuthenticAMD
TMP=C:\Users\C9F1~1\AppData\Local\Temp
TEMP=C:\Users\C9F1~1\AppData\Local\Temp



Periodic native trim disabled


---------------  S Y S T E M  ---------------

OS:
 Windows 10 , 64 bit Build 19041 (10.0.19041.1466)
OS uptime: 0 days 0:44 hours

CPU: total 4 (initial active 4) (4 cores per cpu, 2 threads per core) family 23 model 24 stepping 1 microcode 0x0, cx8, cmov, fxsr, ht, mmx, 3dnowpref, sse, sse2, sse3, ssse3, sse4a, sse4.1, sse4.2, popcnt, lzcnt, tsc, tscinvbit, avx, avx2, aes, clmul, bmi1, bmi2, adx, sha, fma, vzeroupper, clflush, clflushopt
Processor Information for all 4 processors :
  Max Mhz: 2600, Current Mhz: 2600, Mhz Limit: 2600

Memory: 4k page, system-wide physical 6082M (715M free)
TotalPageFile size 8130M (AvailPageFile size 40M)
current process WorkingSet (physical memory assigned to process): 10M, peak: 10M
current process commit charge ("private bytes"): 47M, peak: 142M

vm_info: OpenJDK 64-Bit Server VM (17.0.9+8-LTS) for windows-amd64 JRE (17.0.9+8-LTS), built on Oct 12 2023 16:15:33 by "Administrator" with MS VC++ 16.10 / 16.11 (VS2019)

END.
